{"level":"info","message":"POST /api/auth/register 201 - 7916ms","timestamp":"2026-07-20T21:04:46.788Z"}
{"level":"info","message":"POST /api/auth/register 201 - 3045ms","timestamp":"2026-07-20T21:13:45.648Z"}
{"level":"info","message":"POST /api/auth/register 201 - 3656ms","timestamp":"2026-07-20T21:19:56.589Z"}
{"level":"info","message":"POST /api/auth/register 201 - 4266ms","timestamp":"2026-07-20T21:30:07.138Z"}
{"level":"info","message":"POST /api/auth/register 201 - 3145ms","timestamp":"2026-07-20T21:32:38.579Z"}
{"level":"info","message":"POST /api/auth/login 200 - 5104ms","timestamp":"2026-07-20T12:08:50.060Z"}
{"level":"info","message":"POST /api/orders 400 - 3716ms","timestamp":"2026-07-20T12:09:26.119Z"}
{"level":"info","message":"POST /api/orders 400 - 3073ms","timestamp":"2026-07-20T12:13:37.928Z"}
{"level":"info","message":"GET /api/products 200 - 4222ms","timestamp":"2026-07-20T12:14:14.078Z"}
{"level":"info","message":"POST /api/auth/login 200 - 4224ms","timestamp":"2026-07-20T12:15:30.997Z"}
{"level":"info","message":"POST /api/orders 201 - 8477ms","timestamp":"2026-07-20T12:15:56.503Z"}
{"level":"info","message":"POST /api/orders 201 - 6689ms","timestamp":"2026-07-20T12:43:11.375Z"}
{"level":"info","message":"POST /api/orders 201 - 6228ms","timestamp":"2026-07-21T19:44:36.602Z"}
{"level":"info","message":"POST /api/orders 201 - 10748ms","timestamp":"2026-07-21T19:50:19.477Z"}
{"level":"info","message":"POST /api/orders 201 - 6782ms","timestamp":"2026-07-21T20:03:23.091Z"}
{"level":"info","message":"POST /api/auth/login 200 - 4265ms","timestamp":"2026-07-21T20:26:28.591Z"}
{"level":"info","message":"POST /api/orders 201 - 6992ms","timestamp":"2026-07-21T20:27:36.284Z"}
{"level":"info","message":"POST /api/auth/login 200 - 6344ms","timestamp":"2026-07-22T18:05:41.185Z"}
{"level":"info","message":"GET /api/users/profile 200 - 3499ms","timestamp":"2026-07-22T18:06:30.661Z"}
{"level":"info","message":"PUT /api/users/profile 400 - 3889ms","timestamp":"2026-07-22T18:11:01.231Z"}
{"level":"info","message":"PUT /api/users/profile 200 - 6275ms","timestamp":"2026-07-22T18:11:34.603Z"}
{"level":"info","message":"PATCH /api/users/change-password 404 - 81ms","timestamp":"2026-07-22T18:14:11.090Z"}
{"level":"info","message":"PATCH /api/users/change-password 200 - 3717ms","timestamp":"2026-07-22T18:24:46.365Z"}
{"level":"info","message":"POST /api/auth/login 401 - 3465ms","timestamp":"2026-07-22T18:25:11.011Z"}
{"level":"info","message":"POST /api/auth/login 200 - 4514ms","timestamp":"2026-07-22T18:25:27.279Z"}
{"level":"info","message":"GET /api/products 200 - 3397ms","timestamp":"2026-07-22T18:44:43.618Z"}
{"level":"info","message":"POST /api/orders/guest%0A 404 - 61ms","timestamp":"2026-07-22T18:45:38.122Z"}
{"level":"info","message":"POST /api/orders/guest%0A 404 - 113ms","timestamp":"2026-07-22T19:05:02.444Z"}
{"level":"info","message":"POST /api/orders/guest%0A 404 - 198ms","timestamp":"2026-07-22T19:10:03.765Z"}
{"level":"info","message":"POST /api/orders/guest%0A 404 - 121ms","timestamp":"2026-07-22T19:10:26.748Z"}
{"level":"info","message":"POST /api/orders/guest 201 - 6009ms","timestamp":"2026-07-22T19:11:09.493Z"}
{"level":"info","message":"POST /api/orders 201 - 6124ms","timestamp":"2026-07-22T19:22:32.692Z"}
{"level":"info","message":"PUT /api/orders/924f6a39-5d26-4eb7-9ec5-6c04476b6873/cancel 403 - 3059ms","timestamp":"2026-07-22T19:23:59.810Z"}
{"level":"info","message":"POST /api/auth/login 401 - 5336ms","timestamp":"2026-07-22T19:35:00.718Z"}
{"level":"info","message":"POST /api/auth/login 200 - 3430ms","timestamp":"2026-07-22T19:35:23.896Z"}
{"level":"info","message":"PUT /api/orders/924f6a39-5d26-4eb7-9ec5-6c04476b6873/cancel 403 - 2651ms","timestamp":"2026-07-22T19:35:52.440Z"}
{"level":"info","message":"PUT /api/orders/924f6a39-5d26-4eb7-9ec5-6c04476b6873/cancel 403 - 2311ms","timestamp":"2026-07-22T19:36:33.393Z"}
{"level":"info","message":"PUT /api/orders/924f6a39-5d26-4eb7-9ec5-6c04476b6873/cancel 403 - 5077ms","timestamp":"2026-07-22T19:38:36.700Z"}
{"level":"info","message":"PUT /api/orders/924f6a39-5d26-4eb7-9ec5-6c04476b6873/cancel 200 - 7241ms","timestamp":"2026-07-22T20:01:13.622Z"}
{"level":"info","message":"POST /api/orders 401 - 21ms","timestamp":"2026-07-22T20:02:27.280Z"}
{"level":"info","message":"POST /api/orders 201 - 7342ms","timestamp":"2026-07-22T20:03:18.505Z"}
{"level":"info","message":"PUT /api/orders/27a0920e-d59e-45e4-bff3-93aa8e9f1dbf/cancel 200 - 6838ms","timestamp":"2026-07-22T20:05:35.031Z"}
{"level":"info","message":"POST /api/auth/login 200 - 2797ms","timestamp":"2026-07-22T20:10:11.177Z"}
{"level":"info","message":"PUT /api/orders/1b7fb09d-88ed-4078-96f6-c59047a4e075/cancel 403 - 3244ms","timestamp":"2026-07-22T20:11:24.404Z"}
{"level":"info","message":"POST /api/auth/login 200 - 3746ms","timestamp":"2026-07-22T20:13:29.128Z"}
{"level":"info","message":"PUT /api/orders/1b7fb09d-88ed-4078-96f6-c59047a4e075/cancel 400 - 3035ms","timestamp":"2026-07-22T20:14:16.300Z"}
{"level":"info","message":"PUT /api/orders/0947d285-cb2e-48f5-9d65-c2e5a64c39d1/cancel 200 - 9966ms","timestamp":"2026-07-22T20:15:03.760Z"}
{"level":"info","message":"GET /api/orders/0947d285-cb2e-48f5-9d65-c2e5a64c39d1 200 - 6031ms","timestamp":"2026-07-22T20:18:42.054Z"}
{"level":"info","message":"GET /api/orders/0947d285-cb2e-48f5-9d65-c2e5a64c39d1 403 - 2904ms","timestamp":"2026-07-22T20:19:22.886Z"}
{"level":"info","message":"GET /api/orders/0947d285-cb2e-48f5-9d65-c2e5a64c39d1 403 - 3707ms","timestamp":"2026-07-22T20:20:11.711Z"}
{"level":"info","message":"GET /api/orders/0947d285-cb2e-48f5-9d65-c2e5a64c39d1 200 - 3102ms","timestamp":"2026-07-22T20:21:04.238Z"}
{"level":"info","message":"GET /api/orders/0947d285-cb2e-48f5-9d65-c2e5a64c39d1 200 - 4290ms","timestamp":"2026-07-22T20:21:41.597Z"}
{"level":"info","message":"GET /api/orders/0947d285-cb2e-48f5-9d65-c2e5a64c39d1 429 - 1ms","timestamp":"2026-07-22T20:22:25.897Z"}
{"level":"info","message":"GET /api/orders/0947d285-cb2e-48f5-9d65-c2e5a64c39d1 403 - 4883ms","timestamp":"2026-07-22T20:41:49.498Z"}
{"level":"info","message":"GET /api/orders/0947d285-cb2e-48f5-9d65-c2e5a64c39d1 200 - 3250ms","timestamp":"2026-07-22T20:42:16.026Z"}
{"level":"info","message":"POST /api/auth/login 401 - 2278ms","timestamp":"2026-07-22T20:43:54.308Z"}
{"level":"info","message":"POST /api/auth/login 401 - 170ms","timestamp":"2026-07-22T20:43:57.122Z"}
{"level":"info","message":"POST /api/auth/login 401 - 169ms","timestamp":"2026-07-22T20:43:59.054Z"}
{"level":"info","message":"POST /api/auth/login 429 - 1ms","timestamp":"2026-07-22T20:44:00.463Z"}
{"level":"info","message":"POST /api/orders 429 - 1ms","timestamp":"2026-07-22T20:45:32.664Z"}
{"level":"info","message":"POST /api/orders 400 - 3049ms","timestamp":"2026-07-22T20:55:41.515Z"}
{"level":"info","message":"POST /api/orders 400 - 1518ms","timestamp":"2026-07-22T20:56:55.495Z"}
{"level":"info","message":"POST /api/orders 429 - 1435ms","timestamp":"2026-07-22T20:57:32.014Z"}
{"level":"info","message":"POST /api/orders 400 - 3379ms","timestamp":"2026-07-22T21:18:26.523Z"}
{"level":"info","message":"GET /api/products 200 - 2578ms","timestamp":"2026-07-22T21:19:22.663Z"}
{"level":"info","message":"GET /api/products 200 - 3ms","timestamp":"2026-07-22T21:20:00.863Z"}
{"level":"info","message":"GET /api/products 200 - 3ms","timestamp":"2026-07-22T21:20:43.155Z"}
{"level":"info","message":"DELETE /api/admin/cache 200 - 1924ms","timestamp":"2026-07-22T21:22:42.031Z"}
